[debug] [2023-06-21T15:00:27.963Z] ----------------------------------------------------------------------
[debug] [2023-06-21T15:00:27.968Z] Command:       C:\Program Files\nodejs\node.exe C:\Users\sarar\AppData\Roaming\npm\node_modules\firebase-tools\lib\bin\firebase.js serve
[debug] [2023-06-21T15:00:27.969Z] CLI Version:   12.4.0
[debug] [2023-06-21T15:00:27.969Z] Platform:      win32
[debug] [2023-06-21T15:00:27.969Z] Node Version:  v19.8.1
[debug] [2023-06-21T15:00:27.969Z] Time:          Wed Jun 21 2023 11:00:27 GMT-0400 (hora estándar de Chile)
[debug] [2023-06-21T15:00:27.970Z] ----------------------------------------------------------------------
[debug] 
[debug] [2023-06-21T15:00:28.290Z] > command requires scopes: ["email","openid","https://www.googleapis.com/auth/cloudplatformprojects.readonly","https://www.googleapis.com/auth/firebase","https://www.googleapis.com/auth/cloud-platform"]
[debug] [2023-06-21T15:00:28.291Z] > authorizing via signed-in user (sara.rioseco@gmail.com)
[debug] [2023-06-21T15:00:28.291Z] [iam] checking project pets--diaries for permissions ["firebase.projects.get"]
[debug] [2023-06-21T15:00:28.294Z] >>> [apiv2][query] POST https://cloudresourcemanager.googleapis.com/v1/projects/pets--diaries:testIamPermissions [none]
[debug] [2023-06-21T15:00:28.295Z] >>> [apiv2][(partial)header] POST https://cloudresourcemanager.googleapis.com/v1/projects/pets--diaries:testIamPermissions x-goog-quota-user=projects/pets--diaries
[debug] [2023-06-21T15:00:28.295Z] >>> [apiv2][body] POST https://cloudresourcemanager.googleapis.com/v1/projects/pets--diaries:testIamPermissions {"permissions":["firebase.projects.get"]}
[debug] [2023-06-21T15:00:29.137Z] <<< [apiv2][status] POST https://cloudresourcemanager.googleapis.com/v1/projects/pets--diaries:testIamPermissions 200
[debug] [2023-06-21T15:00:29.137Z] <<< [apiv2][body] POST https://cloudresourcemanager.googleapis.com/v1/projects/pets--diaries:testIamPermissions {"permissions":["firebase.projects.get"]}
[debug] [2023-06-21T15:00:29.139Z] >>> [apiv2][query] GET https://firebase.googleapis.com/v1beta1/projects/pets--diaries [none]
[debug] [2023-06-21T15:00:29.508Z] <<< [apiv2][status] GET https://firebase.googleapis.com/v1beta1/projects/pets--diaries 200
[debug] [2023-06-21T15:00:29.508Z] <<< [apiv2][body] GET https://firebase.googleapis.com/v1beta1/projects/pets--diaries {"projectId":"pets--diaries","projectNumber":"954679174408","displayName":"Pets' Diaries","name":"projects/pets--diaries","resources":{"hostingSite":"pets--diaries","storageBucket":"pets--diaries.appspot.com","locationId":"us-central"},"state":"ACTIVE","etag":"1_2a857c53-b202-4dd3-87a2-8e36a090e3d6"}
[info] 
[info] === Serving from 'C:\Users\sarar\Documents\Laboratoria\GitHub\DEV007-social-network'...
[info] 
[debug] [2023-06-21T15:00:29.516Z] >>> [apiv2][query] GET https://firebasehosting.googleapis.com/v1beta1/projects/pets--diaries/sites 
[debug] [2023-06-21T15:00:30.653Z] <<< [apiv2][status] GET https://firebasehosting.googleapis.com/v1beta1/projects/pets--diaries/sites 200
[debug] [2023-06-21T15:00:30.653Z] <<< [apiv2][body] GET https://firebasehosting.googleapis.com/v1beta1/projects/pets--diaries/sites {"sites":[{"name":"projects/pets--diaries/sites/pets--diaries","defaultUrl":"https://pets--diaries.web.app","type":"DEFAULT_SITE"}]}
[debug] [2023-06-21T15:00:30.654Z] >>> [apiv2][query] GET https://firebase.googleapis.com/v1beta1/projects/pets--diaries/webApps/-/config [none]
[debug] [2023-06-21T15:00:31.538Z] <<< [apiv2][status] GET https://firebase.googleapis.com/v1beta1/projects/pets--diaries/webApps/-/config 200
[debug] [2023-06-21T15:00:31.538Z] <<< [apiv2][body] GET https://firebase.googleapis.com/v1beta1/projects/pets--diaries/webApps/-/config {"projectId":"pets--diaries","appId":"1:954679174408:web:cbf851119a71a5f81f78bd","storageBucket":"pets--diaries.appspot.com","locationId":"us-central","apiKey":"AIzaSyAoPzifXuWI56JUEwPFZDnkPnbVyF7tLa4","authDomain":"pets--diaries.firebaseapp.com","messagingSenderId":"954679174408","measurementId":"G-BKTBMV3M64"}
[debug] [2023-06-21T15:00:31.543Z] >>> [apiv2][query] GET https://firebase.googleapis.com/v1beta1/projects/pets--diaries [none]
[debug] [2023-06-21T15:00:31.828Z] <<< [apiv2][status] GET https://firebase.googleapis.com/v1beta1/projects/pets--diaries 200
[debug] [2023-06-21T15:00:31.828Z] <<< [apiv2][body] GET https://firebase.googleapis.com/v1beta1/projects/pets--diaries {"projectId":"pets--diaries","projectNumber":"954679174408","displayName":"Pets' Diaries","name":"projects/pets--diaries","resources":{"hostingSite":"pets--diaries","storageBucket":"pets--diaries.appspot.com","locationId":"us-central"},"state":"ACTIVE","etag":"1_2a857c53-b202-4dd3-87a2-8e36a090e3d6"}
[info] i  hosting[pets--diaries]: Serving hosting files from: dist {"metadata":{"emulator":{"name":"hosting"},"message":"Serving hosting files from: \u001b[1mdist\u001b[22m"}}
[info] +  hosting[pets--diaries]: Local server: http://localhost:5002 {"metadata":{"emulator":{"name":"hosting"},"message":"Local server: \u001b[4m\u001b[1mhttp://localhost:5002\u001b[22m\u001b[24m"}}
